#
# A fatal error has been detected by the Java Runtime Environment:
#
#  EXCEPTION_ACCESS_VIOLATION (0xc0000005) at pc=0x000001ea3ad61066, pid=12736, tid=0x00000000000007e8
#
# JRE version: OpenJDK Runtime Environment (8.0_302-b08) (build 1.8.0_302-b08)
# Java VM: OpenJDK 64-Bit Server VM (25.302-b08 mixed mode windows-amd64 compressed oops)
# Problematic frame:
# C  [OpenAL64.dll+0x11066]
#
# Failed to write core dump. Minidumps are not enabled by default on client versions of Windows
#
# If you would like to submit a bug report, please visit:
#   https://github.com/adoptium/adoptium-support/issues
# The crash happened outside the Java Virtual Machine in native code.
# See problematic frame for where to report the bug.
#

---------------  T H R E A D  ---------------

Current thread (0x000001ea3ab51800):  JavaThread "main" [_thread_in_native, id=2024, stack(0x00000086d5b00000,0x00000086d5c00000)]

siginfo: ExceptionCode=0xc0000005, reading address 0x000001ea533e9004

Registers:
RAX=0x0000000000000001, RBX=0x000001ea55e00090, RCX=0x000001ea533e9008, RDX=0x000001ea533e9004
RSP=0x00000086d5bfcca0, RBP=0x00000000000000ff, RSI=0x000001ea533dc0fc, RDI=0x0000000000000000
R8 =0x00000000000033c2, R9 =0x000001ea533dc0fc, R10=0x000001ea3c5d9622, R11=0x00000000732f1570
R12=0x0000000000000001, R13=0x000001ea55a66080, R14=0x00000086d5bfce40, R15=0x000001ea3ab51800
RIP=0x000001ea3ad61066, EFLAGS=0x0000000000010202

Top of Stack: (sp=0x00000086d5bfcca0)
0x00000086d5bfcca0:   0000000000000000 0000000000000000
0x00000086d5bfccb0:   0000000000000000 000001ea3ab51800
0x00000086d5bfccc0:   00000086d5bfce40 0000000000000000
0x00000086d5bfccd0:   000001ea3ab51800 000001ea3ab3c0c0
0x00000086d5bfcce0:   000001ea55a66080 000001ea55a66080
0x00000086d5bfccf0:   000001ea3ab17c70 000000007318a2f5
0x00000086d5bfcd00:   00000086d5bfd5d0 000001ea3ab17c30
0x00000086d5bfcd10:   000001ea3ab51800 00000086d5bfce40
0x00000086d5bfcd20:   000001ea55a66080 0000000000000000
0x00000086d5bfcd30:   000001ea533dc0fc 0000000000000248
0x00000086d5bfcd40:   00000086d5bfce08 000001ea3ad6248f
0x00000086d5bfcd50:   000001ea55e00090 000001ea55e00090
0x00000086d5bfcd60:   000000000000ac44 000001ea00000001
0x00000086d5bfcd70:   000001ea3c5c7bd0 000001ea3c5d964e
0x00000086d5bfcd80:   000001ea55a66080 00000086d5bfcd88
0x00000086d5bfcd90:   000001ea3c5c7bd0 000001ea3c5d935b 

Instructions: (pc=0x000001ea3ad61066)
0x000001ea3ad61046:   41 2b ec 81 3a 03 00 02 00 75 09 8b 01 89 84 24
0x000001ea3ad61056:   c8 00 00 00 49 83 c0 02 48 83 c1 08 4a 8d 14 86
0x000001ea3ad61066:   39 3a 75 af 4c 8d 84 24 c0 00 00 00 48 8d 15 d7
0x000001ea3ad61076:   2b 03 00 33 c9 e8 58 5f 00 00 b8 40 1f 00 00 4c 


Register to memory mapping:

RAX=0x0000000000000001 is an unknown value
RBX=0x000001ea55e00090 is an unknown value
RCX=0x000001ea533e9008 is an unknown value
RDX=0x000001ea533e9004 is an unknown value
RSP=0x00000086d5bfcca0 is pointing into the stack for thread: 0x000001ea3ab51800
RBP=0x00000000000000ff is an unknown value
RSI=0x000001ea533dc0fc is an unknown value
RDI=0x0000000000000000 is an unknown value
R8 =0x00000000000033c2 is an unknown value
R9 =0x000001ea533dc0fc is an unknown value
R10=0x000001ea3c5d9622 is at code_begin+962 in an Interpreter codelet
method entry point (kind = native)  [0x000001ea3c5d9260, 0x000001ea3c5d9d00]  2720 bytes
R11=0x00000000732f1570 is an unknown value
R12=0x0000000000000001 is an unknown value
R13={method} {0x000001ea55a66088} 'nalcCreateContext' '(JJ)J' in 'org/lwjgl/openal/ALC10'
R14=0x00000086d5bfce40 is pointing into the stack for thread: 0x000001ea3ab51800
R15=0x000001ea3ab51800 is a thread


Stack: [0x00000086d5b00000,0x00000086d5c00000],  sp=0x00000086d5bfcca0,  free space=1011k
Native frames: (J=compiled Java code, j=interpreted, Vv=VM code, C=native code)
C  [OpenAL64.dll+0x11066]
C  [OpenAL64.dll+0x1248f]
C  0x000001ea3c5d964e

Java frames: (J=compiled Java code, j=interpreted, Vv=VM code)
j  org.lwjgl.openal.ALC10.nalcCreateContext(JJ)J+0
j  org.lwjgl.openal.ALC10.alcCreateContext(Lorg/lwjgl/openal/ALCdevice;Ljava/nio/IntBuffer;)Lorg/lwjgl/openal/ALCcontext;+8
j  org.lwjgl.openal.AL.init(Ljava/lang/String;IIZZ)V+69
j  org.lwjgl.openal.AL.create(Ljava/lang/String;IIZZ)V+246
j  org.lwjgl.openal.AL.create(Ljava/lang/String;IIZ)V+5
j  org.lwjgl.openal.AL.create()V+6
j  com.badlogic.gdx.backends.lwjgl.audio.OpenALAudio.<init>(III)V+114
j  com.badlogic.gdx.backends.lwjgl.LwjglApplication.<init>(Lcom/badlogic/gdx/ApplicationListener;Lcom/badlogic/gdx/backends/lwjgl/LwjglApplicationConfiguration;Lcom/badlogic/gdx/backends/lwjgl/LwjglGraphics;)V+120
j  com.badlogic.gdx.backends.lwjgl.LwjglApplication.<init>(Lcom/badlogic/gdx/ApplicationListener;Lcom/badlogic/gdx/backends/lwjgl/LwjglApplicationConfiguration;)V+11
j  org.uqbar.project.wollok.game.gameboard.WollokGDXApplication.<init>(Lorg/uqbar/project/wollok/game/gameboard/Gameboard;Ljava/lang/Boolean;)V+17
j  org.uqbar.project.wollok.game.helpers.Application.start(Lorg/uqbar/project/wollok/game/gameboard/Gameboard;Ljava/lang/Boolean;)V+5
j  org.uqbar.project.wollok.game.gameboard.Gameboard.start(Ljava/lang/Boolean;)V+13
j  wollok.game.GameObject.doStart(Ljava/lang/Boolean;)V+12
v  ~StubRoutines::call_stub
j  sun.reflect.NativeMethodAccessorImpl.invoke0(Ljava/lang/reflect/Method;Ljava/lang/Object;[Ljava/lang/Object;)Ljava/lang/Object;+0
j  sun.reflect.NativeMethodAccessorImpl.invoke(Ljava/lang/Object;[Ljava/lang/Object;)Ljava/lang/Object;+100
J 2658 C1 sun.reflect.DelegatingMethodAccessorImpl.invoke(Ljava/lang/Object;[Ljava/lang/Object;)Ljava/lang/Object; (10 bytes) @ 0x000001ea3ce7a484 [0x000001ea3ce7a380+0x104]
J 2657 C1 java.lang.reflect.Method.invoke(Ljava/lang/Object;[Ljava/lang/Object;)Ljava/lang/Object; (62 bytes) @ 0x000001ea3ce77b6c [0x000001ea3ce77780+0x3ec]
j  org.uqbar.project.wollok.ui.utils.XTendUtilExtensions.invokeConvertingArgs(Ljava/lang/reflect/Method;Ljava/lang/Object;[Ljava/lang/Object;)Lorg/uqbar/project/wollok/interpreter/core/WollokObject;+261
j  org.uqbar.project.wollok.interpreter.AbstractWollokCallable._invokeNative(Ljava/lang/Object;Ljava/lang/String;[Lorg/uqbar/project/wollok/interpreter/core/WollokObject;)Lorg/uqbar/project/wollok/interpreter/core/WollokObject;+41
j  org.uqbar.project.wollok.interpreter.AbstractWollokCallable.invokeNative(Ljava/lang/Object;Ljava/lang/String;[Lorg/uqbar/project/wollok/interpreter/core/WollokObject;)Lorg/uqbar/project/wollok/interpreter/core/WollokObject;+26
j  org.uqbar.project.wollok.interpreter.AbstractWollokCallable$1.apply()Lorg/uqbar/project/wollok/interpreter/core/WollokObject;+55
j  org.uqbar.project.wollok.interpreter.AbstractWollokCallable$1.apply()Ljava/lang/Object;+1
j  org.uqbar.project.wollok.interpreter.threads.WThread.performOnStack(Lorg/eclipse/emf/ecore/EObject;Lorg/uqbar/project/wollok/interpreter/context/EvaluationContext;Lorg/eclipse/xtext/xbase/lib/Functions$Function0;)Lorg/uqbar/project/wollok/interpreter/core/WollokObject;+29
j  org.uqbar.project.wollok.interpreter.WollokInterpreter.performOnStack(Lorg/eclipse/emf/ecore/EObject;Lorg/uqbar/project/wollok/interpreter/context/EvaluationContext;Lorg/eclipse/xtext/xbase/lib/Functions$Function0;)Lorg/uqbar/project/wollok/interpreter/core/WollokObject;+7
j  org.uqbar.project.wollok.interpreter.AbstractWollokCallable.call(Lorg/uqbar/project/wollok/wollokDsl/WMethodDeclaration;[Lorg/uqbar/project/wollok/interpreter/core/WollokObject;)Lorg/uqbar/project/wollok/interpreter/core/WollokObject;+38
j  org.uqbar.project.wollok.interpreter.core.WollokObject.call(Ljava/lang/String;[Lorg/uqbar/project/wollok/interpreter/core/WollokObject;)Lorg/uqbar/project/wollok/interpreter/core/WollokObject;+55
j  org.uqbar.project.wollok.interpreter.WollokInterpreterEvaluator._evaluate(Lorg/uqbar/project/wollok/wollokDsl/WFeatureCall;)Lorg/uqbar/project/wollok/interpreter/core/WollokObject;+119
j  org.uqbar.project.wollok.launch.WollokLauncherInterpreterEvaluator.evaluate(Lorg/eclipse/emf/ecore/EObject;)Lorg/uqbar/project/wollok/interpreter/core/WollokObject;+412
j  org.uqbar.project.wollok.interpreter.WollokInterpreterEvaluator.evaluate(Lorg/eclipse/emf/ecore/EObject;)Ljava/lang/Object;+2
j  org.uqbar.project.wollok.interpreter.WollokInterpreter.eval(Lorg/eclipse/emf/ecore/EObject;)Lorg/uqbar/project/wollok/interpreter/core/WollokObject;+63
j  org.uqbar.project.wollok.interpreter.WollokInterpreterEvaluator.eval(Lorg/eclipse/emf/ecore/EObject;)Lorg/uqbar/project/wollok/interpreter/core/WollokObject;+5
j  org.uqbar.project.wollok.interpreter.WollokInterpreterEvaluator$1.apply(Lorg/uqbar/project/wollok/interpreter/core/WollokObject;Lorg/eclipse/emf/ecore/EObject;)Lorg/uqbar/project/wollok/interpreter/core/WollokObject;+5
j  org.uqbar.project.wollok.interpreter.WollokInterpreterEvaluator$1.apply(Ljava/lang/Object;Ljava/lang/Object;)Ljava/lang/Object;+9
j  org.eclipse.xtext.xbase.lib.IteratorExtensions.fold(Ljava/util/Iterator;Ljava/lang/Object;Lorg/eclipse/xtext/xbase/lib/Functions$Function2;)Ljava/lang/Object;+19
j  org.eclipse.xtext.xbase.lib.IterableExtensions.fold(Ljava/lang/Iterable;Ljava/lang/Object;Lorg/eclipse/xtext/xbase/lib/Functions$Function2;)Ljava/lang/Object;+8
j  org.uqbar.project.wollok.interpreter.WollokInterpreterEvaluator.evalAll(Ljava/lang/Iterable;)Lorg/uqbar/project/wollok/interpreter/core/WollokObject;+12
j  org.uqbar.project.wollok.interpreter.WollokInterpreterEvaluator._evaluate(Lorg/uqbar/project/wollok/wollokDsl/WBlockExpression;)Lorg/uqbar/project/wollok/interpreter/core/WollokObject;+34
j  org.uqbar.project.wollok.launch.WollokLauncherInterpreterEvaluator.evaluate(Lorg/eclipse/emf/ecore/EObject;)Lorg/uqbar/project/wollok/interpreter/core/WollokObject;+76
j  org.uqbar.project.wollok.interpreter.WollokInterpreterEvaluator.evaluate(Lorg/eclipse/emf/ecore/EObject;)Ljava/lang/Object;+2
j  org.uqbar.project.wollok.interpreter.WollokInterpreter.eval(Lorg/eclipse/emf/ecore/EObject;)Lorg/uqbar/project/wollok/interpreter/core/WollokObject;+63
j  org.uqbar.project.wollok.interpreter.AbstractWollokCallable.eval(Lorg/eclipse/emf/ecore/EObject;)Lorg/uqbar/project/wollok/interpreter/core/WollokObject;+5
j  org.uqbar.project.wollok.interpreter.AbstractWollokCallable$1.apply()Lorg/uqbar/project/wollok/interpreter/core/WollokObject;+110
j  org.uqbar.project.wollok.interpreter.AbstractWollokCallable$1.apply()Ljava/lang/Object;+1
j  org.uqbar.project.wollok.interpreter.threads.WThread.performOnStack(Lorg/eclipse/emf/ecore/EObject;Lorg/uqbar/project/wollok/interpreter/context/EvaluationContext;Lorg/eclipse/xtext/xbase/lib/Functions$Function0;)Lorg/uqbar/project/wollok/interpreter/core/WollokObject;+29
j  org.uqbar.project.wollok.interpreter.WollokInterpreter.performOnStack(Lorg/eclipse/emf/ecore/EObject;Lorg/uqbar/project/wollok/interpreter/context/EvaluationContext;Lorg/eclipse/xtext/xbase/lib/Functions$Function0;)Lorg/uqbar/project/wollok/interpreter/core/WollokObject;+7
j  org.uqbar.project.wollok.interpreter.AbstractWollokCallable.call(Lorg/uqbar/project/wollok/wollokDsl/WMethodDeclaration;[Lorg/uqbar/project/wollok/interpreter/core/WollokObject;)Lorg/uqbar/project/wollok/interpreter/core/WollokObject;+38
j  org.uqbar.project.wollok.interpreter.core.WollokObject.call(Ljava/lang/String;[Lorg/uqbar/project/wollok/interpreter/core/WollokObject;)Lorg/uqbar/project/wollok/interpreter/core/WollokObject;+55
j  org.uqbar.project.wollok.interpreter.WollokInterpreterEvaluator._evaluate(Lorg/uqbar/project/wollok/wollokDsl/WFeatureCall;)Lorg/uqbar/project/wollok/interpreter/core/WollokObject;+119
j  org.uqbar.project.wollok.launch.WollokLauncherInterpreterEvaluator.evaluate(Lorg/eclipse/emf/ecore/EObject;)Lorg/uqbar/project/wollok/interpreter/core/WollokObject;+412
j  org.uqbar.project.wollok.interpreter.WollokInterpreterEvaluator.evaluate(Lorg/eclipse/emf/ecore/EObject;)Ljava/lang/Object;+2
j  org.uqbar.project.wollok.interpreter.WollokInterpreter.eval(Lorg/eclipse/emf/ecore/EObject;)Lorg/uqbar/project/wollok/interpreter/core/WollokObject;+63
j  org.uqbar.project.wollok.interpreter.WollokInterpreterEvaluator.eval(Lorg/eclipse/emf/ecore/EObject;)Lorg/uqbar/project/wollok/interpreter/core/WollokObject;+5
j  org.uqbar.project.wollok.interpreter.WollokInterpreterEvaluator$1.apply(Lorg/uqbar/project/wollok/interpreter/core/WollokObject;Lorg/eclipse/emf/ecore/EObject;)Lorg/uqbar/project/wollok/interpreter/core/WollokObject;+5
j  org.uqbar.project.wollok.interpreter.WollokInterpreterEvaluator$1.apply(Ljava/lang/Object;Ljava/lang/Object;)Ljava/lang/Object;+9
j  org.eclipse.xtext.xbase.lib.IteratorExtensions.fold(Ljava/util/Iterator;Ljava/lang/Object;Lorg/eclipse/xtext/xbase/lib/Functions$Function2;)Ljava/lang/Object;+19
j  org.eclipse.xtext.xbase.lib.IterableExtensions.fold(Ljava/lang/Iterable;Ljava/lang/Object;Lorg/eclipse/xtext/xbase/lib/Functions$Function2;)Ljava/lang/Object;+8
j  org.uqbar.project.wollok.interpreter.WollokInterpreterEvaluator.evalAll(Ljava/lang/Iterable;)Lorg/uqbar/project/wollok/interpreter/core/WollokObject;+12
j  org.uqbar.project.wollok.interpreter.WollokInterpreterEvaluator._evaluate(Lorg/uqbar/project/wollok/wollokDsl/WProgram;)Lorg/uqbar/project/wollok/interpreter/core/WollokObject;+18
j  org.uqbar.project.wollok.launch.WollokLauncherInterpreterEvaluator.evaluate(Lorg/eclipse/emf/ecore/EObject;)Lorg/uqbar/project/wollok/interpreter/core/WollokObject;+444
j  org.uqbar.project.wollok.interpreter.WollokInterpreterEvaluator.evaluate(Lorg/eclipse/emf/ecore/EObject;)Ljava/lang/Object;+2
j  org.uqbar.project.wollok.interpreter.WollokInterpreter.eval(Lorg/eclipse/emf/ecore/EObject;)Lorg/uqbar/project/wollok/interpreter/core/WollokObject;+63
j  org.uqbar.project.wollok.interpreter.WollokInterpreterEvaluator.eval(Lorg/eclipse/emf/ecore/EObject;)Lorg/uqbar/project/wollok/interpreter/core/WollokObject;+5
j  org.uqbar.project.wollok.launch.WollokLauncherInterpreterEvaluator._evaluate(Lorg/uqbar/project/wollok/wollokDsl/WFile;)Lorg/uqbar/project/wollok/interpreter/core/WollokObject;+32
j  org.uqbar.project.wollok.launch.WollokLauncherInterpreterEvaluator.evaluate(Lorg/eclipse/emf/ecore/EObject;)Lorg/uqbar/project/wollok/interpreter/core/WollokObject;+428
j  org.uqbar.project.wollok.interpreter.WollokInterpreterEvaluator.evaluate(Lorg/eclipse/emf/ecore/EObject;)Ljava/lang/Object;+2
j  org.uqbar.project.wollok.interpreter.WollokInterpreter.interpret(Lorg/eclipse/emf/ecore/EObject;Ljava/lang/Boolean;)Lorg/uqbar/project/wollok/interpreter/core/WollokObject;+25
j  org.uqbar.project.wollok.interpreter.WollokInterpreter.interpret(Lorg/eclipse/emf/ecore/EObject;)Lorg/uqbar/project/wollok/interpreter/core/WollokObject;+8
j  org.uqbar.project.wollok.launch.WollokLauncher.doSomething(Lorg/uqbar/project/wollok/wollokDsl/WFile;Lcom/google/inject/Injector;Ljava/io/File;Lorg/uqbar/project/wollok/launch/WollokLauncherParameters;)V+109
j  org.uqbar.project.wollok.launch.WollokChecker.launch(Ljava/lang/String;Lorg/uqbar/project/wollok/launch/WollokLauncherParameters;)V+31
j  org.uqbar.project.wollok.launch.WollokChecker.doMain([Ljava/lang/String;)V+205
j  org.uqbar.project.wollok.launch.WollokLauncher.main([Ljava/lang/String;)V+8
v  ~StubRoutines::call_stub

---------------  P R O C E S S  ---------------

Java Threads: ( => current thread )
  0x000001ea52a53800 JavaThread "com.google.inject.internal.util.$Finalizer" daemon [_thread_blocked, id=7044, stack(0x00000086d6b00000,0x00000086d6c00000)]
  0x000001ea528a9000 JavaThread "EMF Reference Cleaner" daemon [_thread_blocked, id=1676, stack(0x00000086d6a00000,0x00000086d6b00000)]
  0x000001ea50e65000 JavaThread "Service Thread" daemon [_thread_blocked, id=15096, stack(0x00000086d6800000,0x00000086d6900000)]
  0x000001ea50dfe000 JavaThread "C1 CompilerThread2" daemon [_thread_blocked, id=6356, stack(0x00000086d6700000,0x00000086d6800000)]
  0x000001ea50dee000 JavaThread "C2 CompilerThread1" daemon [_thread_blocked, id=15368, stack(0x00000086d6600000,0x00000086d6700000)]
  0x000001ea50df3800 JavaThread "C2 CompilerThread0" daemon [_thread_blocked, id=5144, stack(0x00000086d6500000,0x00000086d6600000)]
  0x000001ea50de8800 JavaThread "Attach Listener" daemon [_thread_blocked, id=16104, stack(0x00000086d6400000,0x00000086d6500000)]
  0x000001ea50de7000 JavaThread "Signal Dispatcher" daemon [_thread_blocked, id=8132, stack(0x00000086d6300000,0x00000086d6400000)]
  0x000001ea50db9800 JavaThread "Finalizer" daemon [_thread_blocked, id=8352, stack(0x00000086d6200000,0x00000086d6300000)]
  0x000001ea50db1800 JavaThread "Reference Handler" daemon [_thread_blocked, id=5128, stack(0x00000086d6100000,0x00000086d6200000)]
=>0x000001ea3ab51800 JavaThread "main" [_thread_in_native, id=2024, stack(0x00000086d5b00000,0x00000086d5c00000)]

Other Threads:
  0x000001ea50d89000 VMThread [stack: 0x00000086d6000000,0x00000086d6100000] [id=7344]
  0x000001ea50e89000 WatcherThread [stack: 0x00000086d6900000,0x00000086d6a00000] [id=4128]

VM state:not at safepoint (normal execution)

VM Mutex/Monitor currently owned by a thread: None

heap address: 0x0000000080a00000, size: 2038 MB, Compressed Oops mode: 32-bit
Narrow klass base: 0x0000000000000000, Narrow klass shift: 3
Compressed class space size: 1073741824 Address: 0x0000000100000000

Heap:
 PSYoungGen      total 138240K, used 2584K [0x00000000d5900000, 0x00000000de500000, 0x0000000100000000)
  eden space 133120K, 1% used [0x00000000d5900000,0x00000000d5b86148,0x00000000ddb00000)
  from space 5120K, 0% used [0x00000000de000000,0x00000000de000000,0x00000000de500000)
  to   space 5120K, 0% used [0x00000000ddb00000,0x00000000ddb00000,0x00000000de000000)
 ParOldGen       total 83968K, used 20213K [0x0000000080a00000, 0x0000000085c00000, 0x00000000d5900000)
  object space 83968K, 24% used [0x0000000080a00000,0x0000000081dbd6d0,0x0000000085c00000)
 Metaspace       used 21117K, capacity 21338K, committed 21504K, reserved 1069056K
  class space    used 2680K, capacity 2747K, committed 2816K, reserved 1048576K

Card table byte_map: [0x000001ea4b980000,0x000001ea4bd80000] byte_map_base: 0x000001ea4b57b000

Marking Bits: (ParMarkBitMap*) 0x00000000738dc820
 Begin Bits: [0x000001ea4c030000, 0x000001ea4e008000)
 End Bits:   [0x000001ea4e008000, 0x000001ea4ffe0000)

Polling page: 0x000001ea3aaf0000

CodeCache: size=245760Kb used=10154Kb max_used=10155Kb free=235605Kb
 bounds [0x000001ea3c5c0000, 0x000001ea3cfc0000, 0x000001ea4b5c0000]
 total_blobs=3649 nmethods=3207 adapters=353
 compilation: enabled

Compilation events (10 events):
Event: 3.122 Thread 0x000001ea50dee000 nmethod 3197 0x000001ea3cfab350 code [0x000001ea3cfab500, 0x000001ea3cfabe68]
Event: 3.123 Thread 0x000001ea50dfe000 3203       3       java.nio.DirectByteBuffer::put (18 bytes)
Event: 3.124 Thread 0x000001ea50dfe000 nmethod 3203 0x000001ea3cfaa890 code [0x000001ea3cfaaa00, 0x000001ea3cfaac78]
Event: 3.124 Thread 0x000001ea50dfe000 3204       3       java.nio.DirectByteBuffer::ix (10 bytes)
Event: 3.124 Thread 0x000001ea50dfe000 nmethod 3204 0x000001ea3cfaa490 code [0x000001ea3cfaa5e0, 0x000001ea3cfaa738]
Event: 3.124 Thread 0x000001ea50dfe000 3206       3       java.nio.DirectByteBuffer::put (18 bytes)
Event: 3.125 Thread 0x000001ea50dfe000 nmethod 3206 0x000001ea3cfad250 code [0x000001ea3cfad3c0, 0x000001ea3cfad638]
Event: 3.125 Thread 0x000001ea50dfe000 3207       1       java.nio.DirectByteBuffer::ix (10 bytes)
Event: 3.125 Thread 0x000001ea50dfe000 nmethod 3207 0x000001ea3cfacf90 code [0x000001ea3cfad0e0, 0x000001ea3cfad1f8]
Event: 3.168 Thread 0x000001ea50dfe000 3208 %     3       java.io.WinNTFileSystem::normalize @ 22 (143 bytes)

GC Heap History (10 events):
Event: 0.541 GC heap before
{Heap before GC invocations=1 (full 0):
 PSYoungGen      total 38400K, used 33280K [0x00000000d5900000, 0x00000000d8380000, 0x0000000100000000)
  eden space 33280K, 100% used [0x00000000d5900000,0x00000000d7980000,0x00000000d7980000)
  from space 5120K, 0% used [0x00000000d7e80000,0x00000000d7e80000,0x00000000d8380000)
  to   space 5120K, 0% used [0x00000000d7980000,0x00000000d7980000,0x00000000d7e80000)
 ParOldGen       total 87552K, used 0K [0x0000000080a00000, 0x0000000085f80000, 0x00000000d5900000)
  object space 87552K, 0% used [0x0000000080a00000,0x0000000080a00000,0x0000000085f80000)
 Metaspace       used 5739K, capacity 5826K, committed 6144K, reserved 1056768K
  class space    used 623K, capacity 659K, committed 768K, reserved 1048576K
Event: 0.547 GC heap after
Heap after GC invocations=1 (full 0):
 PSYoungGen      total 38400K, used 5092K [0x00000000d5900000, 0x00000000da400000, 0x0000000100000000)
  eden space 33280K, 0% used [0x00000000d5900000,0x00000000d5900000,0x00000000d7980000)
  from space 5120K, 99% used [0x00000000d7980000,0x00000000d7e79110,0x00000000d7e80000)
  to   space 5120K, 0% used [0x00000000d9f00000,0x00000000d9f00000,0x00000000da400000)
 ParOldGen       total 87552K, used 1696K [0x0000000080a00000, 0x0000000085f80000, 0x00000000d5900000)
  object space 87552K, 1% used [0x0000000080a00000,0x0000000080ba8380,0x0000000085f80000)
 Metaspace       used 5739K, capacity 5826K, committed 6144K, reserved 1056768K
  class space    used 623K, capacity 659K, committed 768K, reserved 1048576K
}
Event: 0.857 GC heap before
{Heap before GC invocations=2 (full 0):
 PSYoungGen      total 38400K, used 38372K [0x00000000d5900000, 0x00000000da400000, 0x0000000100000000)
  eden space 33280K, 100% used [0x00000000d5900000,0x00000000d7980000,0x00000000d7980000)
  from space 5120K, 99% used [0x00000000d7980000,0x00000000d7e79110,0x00000000d7e80000)
  to   space 5120K, 0% used [0x00000000d9f00000,0x00000000d9f00000,0x00000000da400000)
 ParOldGen       total 87552K, used 1696K [0x0000000080a00000, 0x0000000085f80000, 0x00000000d5900000)
  object space 87552K, 1% used [0x0000000080a00000,0x0000000080ba8380,0x0000000085f80000)
 Metaspace       used 8552K, capacity 8616K, committed 8832K, reserved 1056768K
  class space    used 1023K, capacity 1076K, committed 1152K, reserved 1048576K
Event: 0.870 GC heap after
Heap after GC invocations=2 (full 0):
 PSYoungGen      total 71680K, used 5088K [0x00000000d5900000, 0x00000000da400000, 0x0000000100000000)
  eden space 66560K, 0% used [0x00000000d5900000,0x00000000d5900000,0x00000000d9a00000)
  from space 5120K, 99% used [0x00000000d9f00000,0x00000000da3f8040,0x00000000da400000)
  to   space 5120K, 0% used [0x00000000d9a00000,0x00000000d9a00000,0x00000000d9f00000)
 ParOldGen       total 87552K, used 11421K [0x0000000080a00000, 0x0000000085f80000, 0x00000000d5900000)
  object space 87552K, 13% used [0x0000000080a00000,0x0000000081527530,0x0000000085f80000)
 Metaspace       used 8552K, capacity 8616K, committed 8832K, reserved 1056768K
  class space    used 1023K, capacity 1076K, committed 1152K, reserved 1048576K
}
Event: 1.761 GC heap before
{Heap before GC invocations=3 (full 0):
 PSYoungGen      total 71680K, used 71648K [0x00000000d5900000, 0x00000000da400000, 0x0000000100000000)
  eden space 66560K, 100% used [0x00000000d5900000,0x00000000d9a00000,0x00000000d9a00000)
  from space 5120K, 99% used [0x00000000d9f00000,0x00000000da3f8040,0x00000000da400000)
  to   space 5120K, 0% used [0x00000000d9a00000,0x00000000d9a00000,0x00000000d9f00000)
 ParOldGen       total 87552K, used 11421K [0x0000000080a00000, 0x0000000085f80000, 0x00000000d5900000)
  object space 87552K, 13% used [0x0000000080a00000,0x0000000081527530,0x0000000085f80000)
 Metaspace       used 15858K, capacity 15946K, committed 16256K, reserved 1062912K
  class space    used 2053K, capacity 2079K, committed 2176K, reserved 1048576K
Event: 1.777 GC heap after
Heap after GC invocations=3 (full 0):
 PSYoungGen      total 71680K, used 5104K [0x00000000d5900000, 0x00000000de500000, 0x0000000100000000)
  eden space 66560K, 0% used [0x00000000d5900000,0x00000000d5900000,0x00000000d9a00000)
  from space 5120K, 99% used [0x00000000d9a00000,0x00000000d9efc010,0x00000000d9f00000)
  to   space 5120K, 0% used [0x00000000de000000,0x00000000de000000,0x00000000de500000)
 ParOldGen       total 87552K, used 23778K [0x0000000080a00000, 0x0000000085f80000, 0x00000000d5900000)
  object space 87552K, 27% used [0x0000000080a00000,0x0000000082138b68,0x0000000085f80000)
 Metaspace       used 15858K, capacity 15946K, committed 16256K, reserved 1062912K
  class space    used 2053K, capacity 2079K, committed 2176K, reserved 1048576K
}
Event: 3.052 GC heap before
{Heap before GC invocations=4 (full 0):
 PSYoungGen      total 71680K, used 51376K [0x00000000d5900000, 0x00000000de500000, 0x0000000100000000)
  eden space 66560K, 69% used [0x00000000d5900000,0x00000000d86300c8,0x00000000d9a00000)
  from space 5120K, 99% used [0x00000000d9a00000,0x00000000d9efc010,0x00000000d9f00000)
  to   space 5120K, 0% used [0x00000000de000000,0x00000000de000000,0x00000000de500000)
 ParOldGen       total 87552K, used 23778K [0x0000000080a00000, 0x0000000085f80000, 0x00000000d5900000)
  object space 87552K, 27% used [0x0000000080a00000,0x0000000082138b68,0x0000000085f80000)
 Metaspace       used 20921K, capacity 21114K, committed 21248K, reserved 1067008K
  class space    used 2650K, capacity 2715K, committed 2816K, reserved 1048576K
Event: 3.064 GC heap after
Heap after GC invocations=4 (full 0):
 PSYoungGen      total 138240K, used 5104K [0x00000000d5900000, 0x00000000de500000, 0x0000000100000000)
  eden space 133120K, 0% used [0x00000000d5900000,0x00000000d5900000,0x00000000ddb00000)
  from space 5120K, 99% used [0x00000000de000000,0x00000000de4fc030,0x00000000de500000)
  to   space 5120K, 0% used [0x00000000ddb00000,0x00000000ddb00000,0x00000000de000000)
 ParOldGen       total 87552K, used 29734K [0x0000000080a00000, 0x0000000085f80000, 0x00000000d5900000)
  object space 87552K, 33% used [0x0000000080a00000,0x0000000082709918,0x0000000085f80000)
 Metaspace       used 20921K, capacity 21114K, committed 21248K, reserved 1067008K
  class space    used 2650K, capacity 2715K, committed 2816K, reserved 1048576K
}
Event: 3.064 GC heap before
{Heap before GC invocations=5 (full 1):
 PSYoungGen      total 138240K, used 5104K [0x00000000d5900000, 0x00000000de500000, 0x0000000100000000)
  eden space 133120K, 0% used [0x00000000d5900000,0x00000000d5900000,0x00000000ddb00000)
  from space 5120K, 99% used [0x00000000de000000,0x00000000de4fc030,0x00000000de500000)
  to   space 5120K, 0% used [0x00000000ddb00000,0x00000000ddb00000,0x00000000de000000)
 ParOldGen       total 87552K, used 29734K [0x0000000080a00000, 0x0000000085f80000, 0x00000000d5900000)
  object space 87552K, 33% used [0x0000000080a00000,0x0000000082709918,0x0000000085f80000)
 Metaspace       used 20921K, capacity 21114K, committed 21248K, reserved 1067008K
  class space    used 2650K, capacity 2715K, committed 2816K, reserved 1048576K
Event: 3.113 GC heap after
Heap after GC invocations=5 (full 1):
 PSYoungGen      total 138240K, used 0K [0x00000000d5900000, 0x00000000de500000, 0x0000000100000000)
  eden space 133120K, 0% used [0x00000000d5900000,0x00000000d5900000,0x00000000ddb00000)
  from space 5120K, 0% used [0x00000000de000000,0x00000000de000000,0x00000000de500000)
  to   space 5120K, 0% used [0x00000000ddb00000,0x00000000ddb00000,0x00000000de000000)
 ParOldGen       total 83968K, used 20213K [0x0000000080a00000, 0x0000000085c00000, 0x00000000d5900000)
  object space 83968K, 24% used [0x0000000080a00000,0x0000000081dbd6d0,0x0000000085c00000)
 Metaspace       used 20921K, capacity 21114K, committed 21248K, reserved 1067008K
  class space    used 2650K, capacity 2715K, committed 2816K, reserved 1048576K
}

Deoptimization events (10 events):
Event: 2.251 Thread 0x000001ea3ab51800 Uncommon trap: reason=unstable_if action=reinterpret pc=0x000001ea3cd49818 method=java.util.HashMap.computeIfAbsent(Ljava/lang/Object;Ljava/util/function/Function;)Ljava/lang/Object; @ 44
Event: 2.274 Thread 0x000001ea3ab51800 Uncommon trap: reason=bimorphic action=maybe_recompile pc=0x000001ea3cb8f9e0 method=org.eclipse.emf.common.util.AbstractEList$EIterator.next()Ljava/lang/Object; @ 1
Event: 2.282 Thread 0x000001ea3ab51800 Uncommon trap: reason=unstable_if action=reinterpret pc=0x000001ea3cce2e20 method=org.uqbar.project.wollok.parser.antlr.internal.InternalWollokDslLexer.mRULE_ML_COMMENT()V @ 66
Event: 2.282 Thread 0x000001ea3ab51800 Uncommon trap: reason=unstable_if action=reinterpret pc=0x000001ea3cd50b20 method=java.util.HashMap.computeIfAbsent(Ljava/lang/Object;Ljava/util/function/Function;)Ljava/lang/Object; @ 44
Event: 2.308 Thread 0x000001ea3ab51800 Uncommon trap: reason=unstable_if action=reinterpret pc=0x000001ea3cdd4b68 method=sun.nio.cs.UTF_8$Decoder.decodeArrayLoop(Ljava/nio/ByteBuffer;Ljava/nio/CharBuffer;)Ljava/nio/charset/CoderResult; @ 84
Event: 2.434 Thread 0x000001ea3ab51800 Uncommon trap: reason=unstable_if action=reinterpret pc=0x000001ea3cb1fd94 method=java.util.concurrent.ConcurrentHashMap.putVal(Ljava/lang/Object;Ljava/lang/Object;Z)Ljava/lang/Object; @ 181
Event: 2.729 Thread 0x000001ea3ab51800 Uncommon trap: reason=unstable_if action=reinterpret pc=0x000001ea3c8f9f40 method=java.io.WinNTFileSystem.normalize(Ljava/lang/String;)Ljava/lang/String; @ 49
Event: 2.742 Thread 0x000001ea3ab51800 Uncommon trap: reason=null_check action=make_not_entrant pc=0x000001ea3c963b64 method=java.lang.StringCoding.deref(Ljava/lang/ThreadLocal;)Ljava/lang/Object; @ 4
Event: 3.038 Thread 0x000001ea3ab51800 Uncommon trap: reason=unstable_if action=reinterpret pc=0x000001ea3c780988 method=java.lang.ThreadLocal$ThreadLocalMap.getEntry(Ljava/lang/ThreadLocal;)Ljava/lang/ThreadLocal$ThreadLocalMap$Entry; @ 29
Event: 3.039 Thread 0x000001ea3ab51800 Uncommon trap: reason=unstable_if action=reinterpret pc=0x000001ea3c78055c method=java.lang.ThreadLocal$ThreadLocalMap.getEntry(Ljava/lang/ThreadLocal;)Ljava/lang/ThreadLocal$ThreadLocalMap$Entry; @ 29

Classes redefined (0 events):
No events

Internal exceptions (10 events):
Event: 2.574 Thread 0x000001ea3ab51800 Exception <a 'java/lang/reflect/InvocationTargetException'> (0x00000000d7ab9540) thrown at [J:\jenkins\tmp\workspace\build\src\hotspot\src\share\vm\runtime\reflection.cpp, line 1092]
Event: 2.574 Thread 0x000001ea3ab51800 Exception <a 'java/lang/reflect/InvocationTargetException'> (0x00000000d7abd200) thrown at [J:\jenkins\tmp\workspace\build\src\hotspot\src\share\vm\runtime\reflection.cpp, line 1092]
Event: 2.582 Thread 0x000001ea3ab51800 Exception <a 'java/lang/reflect/InvocationTargetException'> (0x00000000d7b29a90) thrown at [J:\jenkins\tmp\workspace\build\src\hotspot\src\share\vm\runtime\reflection.cpp, line 1092]
Event: 2.741 Thread 0x000001ea3ab51800 Implicit null exception at 0x000001ea3c963a7b to 0x000001ea3c963b59
Event: 3.132 Thread 0x000001ea3ab51800 Exception <a 'java/security/PrivilegedActionException'> (0x00000000d5a06118) thrown at [J:\jenkins\tmp\workspace\build\src\hotspot\src\share\vm\prims\jvm.cpp, line 1523]
Event: 3.132 Thread 0x000001ea3ab51800 Exception <a 'java/security/PrivilegedActionException'> (0x00000000d5a07648) thrown at [J:\jenkins\tmp\workspace\build\src\hotspot\src\share\vm\prims\jvm.cpp, line 1523]
Event: 3.132 Thread 0x000001ea3ab51800 Exception <a 'java/security/PrivilegedActionException'> (0x00000000d5a08a78) thrown at [J:\jenkins\tmp\workspace\build\src\hotspot\src\share\vm\prims\jvm.cpp, line 1523]
Event: 3.132 Thread 0x000001ea3ab51800 Exception <a 'java/security/PrivilegedActionException'> (0x00000000d5a0a138) thrown at [J:\jenkins\tmp\workspace\build\src\hotspot\src\share\vm\prims\jvm.cpp, line 1523]
Event: 3.132 Thread 0x000001ea3ab51800 Exception <a 'java/security/PrivilegedActionException'> (0x00000000d5a0b530) thrown at [J:\jenkins\tmp\workspace\build\src\hotspot\src\share\vm\prims\jvm.cpp, line 1523]
Event: 3.132 Thread 0x000001ea3ab51800 Exception <a 'java/security/PrivilegedActionException'> (0x00000000d5a0c8f8) thrown at [J:\jenkins\tmp\workspace\build\src\hotspot\src\share\vm\prims\jvm.cpp, line 1523]

Events (10 events):
Event: 3.166 loading class org/lwjgl/openal/ALCdevice
Event: 3.166 loading class org/lwjgl/openal/ALCdevice done
Event: 3.167 loading class org/lwjgl/openal/ALCcontext
Event: 3.167 loading class org/lwjgl/openal/ALCcontext done
Event: 3.167 loading class java/nio/DirectIntBufferU
Event: 3.167 loading class java/nio/DirectIntBufferU done
Event: 3.167 loading class org/lwjgl/openal/Util
Event: 3.167 loading class org/lwjgl/openal/Util done
Event: 3.168 loading class org/lwjgl/openal/OpenALException
Event: 3.168 loading class org/lwjgl/openal/OpenALException done


Dynamic libraries:
0x00007ff7ac0f0000 - 0x00007ff7ac12a000 	C:\Program Files\Eclipse Foundation\jdk-8.0.302.8-hotspot\bin\javaw.exe
0x00007ff8537b0000 - 0x00007ff8539a5000 	C:\WINDOWS\SYSTEM32\ntdll.dll
0x00007ff82a060000 - 0x00007ff82a075000 	C:\Program Files\Avast Software\Avast\aswhook.dll
0x00007ff851f40000 - 0x00007ff851ffe000 	C:\WINDOWS\System32\KERNEL32.DLL
0x00007ff850fd0000 - 0x00007ff851299000 	C:\WINDOWS\System32\KERNELBASE.dll
0x00007ff8536b0000 - 0x00007ff85375c000 	C:\WINDOWS\System32\ADVAPI32.dll
0x00007ff852940000 - 0x00007ff8529de000 	C:\WINDOWS\System32\msvcrt.dll
0x00007ff8524a0000 - 0x00007ff85253b000 	C:\WINDOWS\System32\sechost.dll
0x00007ff852000000 - 0x00007ff85212a000 	C:\WINDOWS\System32\RPCRT4.dll
0x00007ff852720000 - 0x00007ff8528c1000 	C:\WINDOWS\System32\USER32.dll
0x00007ff851400000 - 0x00007ff851422000 	C:\WINDOWS\System32\win32u.dll
0x00007ff852330000 - 0x00007ff85235b000 	C:\WINDOWS\System32\GDI32.dll
0x00007ff8516f0000 - 0x00007ff8517fb000 	C:\WINDOWS\System32\gdi32full.dll
0x00007ff851360000 - 0x00007ff8513fd000 	C:\WINDOWS\System32\msvcp_win.dll
0x00007ff850ed0000 - 0x00007ff850fd0000 	C:\WINDOWS\System32\ucrtbase.dll
0x00007ff8333f0000 - 0x00007ff83368a000 	C:\WINDOWS\WinSxS\amd64_microsoft.windows.common-controls_6595b64144ccf1df_6.0.19041.1110_none_60b5254171f9507e\COMCTL32.dll
0x00007ff852470000 - 0x00007ff8524a0000 	C:\WINDOWS\System32\IMM32.DLL
0x00007ff829830000 - 0x00007ff82991f000 	C:\Program Files\Eclipse Foundation\jdk-8.0.302.8-hotspot\jre\bin\msvcr120.dll
0x00007ff8457f0000 - 0x00007ff845896000 	C:\Program Files\Eclipse Foundation\jdk-8.0.302.8-hotspot\jre\bin\msvcp120.dll
0x00000000730f0000 - 0x000000007395b000 	C:\Program Files\Eclipse Foundation\jdk-8.0.302.8-hotspot\jre\bin\server\jvm.dll
0x00007ff853760000 - 0x00007ff853768000 	C:\WINDOWS\System32\PSAPI.DLL
0x00007ff846190000 - 0x00007ff846199000 	C:\WINDOWS\SYSTEM32\WSOCK32.dll
0x00007ff852630000 - 0x00007ff85269b000 	C:\WINDOWS\System32\WS2_32.dll
0x00007ff837f60000 - 0x00007ff837f87000 	C:\WINDOWS\SYSTEM32\WINMM.dll
0x00007ff849af0000 - 0x00007ff849afa000 	C:\WINDOWS\SYSTEM32\VERSION.dll
0x00007ff84bf30000 - 0x00007ff84bf3f000 	C:\Program Files\Eclipse Foundation\jdk-8.0.302.8-hotspot\jre\bin\verify.dll
0x00007ff84bcc0000 - 0x00007ff84bce9000 	C:\Program Files\Eclipse Foundation\jdk-8.0.302.8-hotspot\jre\bin\java.dll
0x00007ff84bca0000 - 0x00007ff84bcb6000 	C:\Program Files\Eclipse Foundation\jdk-8.0.302.8-hotspot\jre\bin\zip.dll
0x00007ff851800000 - 0x00007ff851f3f000 	C:\WINDOWS\System32\SHELL32.dll
0x00007ff84eff0000 - 0x00007ff84f780000 	C:\WINDOWS\SYSTEM32\windows.storage.dll
0x00007ff853150000 - 0x00007ff8534a5000 	C:\WINDOWS\System32\combase.dll
0x00007ff850920000 - 0x00007ff85094c000 	C:\WINDOWS\SYSTEM32\Wldp.dll
0x00007ff8523c0000 - 0x00007ff85246d000 	C:\WINDOWS\System32\SHCORE.dll
0x00007ff852540000 - 0x00007ff852595000 	C:\WINDOWS\System32\shlwapi.dll
0x00007ff850e10000 - 0x00007ff850e2f000 	C:\WINDOWS\SYSTEM32\profapi.dll
0x0000000065580000 - 0x0000000065616000 	C:\Users\Chicos\AppData\Local\Temp\libgdxChicos\12dfaa03\gdx64.dll
0x00007ff850870000 - 0x00007ff850888000 	C:\WINDOWS\SYSTEM32\CRYPTSP.dll
0x00007ff84ff90000 - 0x00007ff84ffc4000 	C:\WINDOWS\system32\rsaenh.dll
0x00007ff8512a0000 - 0x00007ff8512c7000 	C:\WINDOWS\System32\bcrypt.dll
0x00007ff850dd0000 - 0x00007ff850dfe000 	C:\WINDOWS\SYSTEM32\USERENV.dll
0x00007ff8512d0000 - 0x00007ff851353000 	C:\WINDOWS\System32\bcryptprimitives.dll
0x00007ff850890000 - 0x00007ff85089c000 	C:\WINDOWS\SYSTEM32\CRYPTBASE.dll
0x00007ff84b780000 - 0x00007ff84b79a000 	C:\Program Files\Eclipse Foundation\jdk-8.0.302.8-hotspot\jre\bin\net.dll
0x00007ff850680000 - 0x00007ff8506ea000 	C:\WINDOWS\system32\mswsock.dll
0x00007ff850300000 - 0x00007ff85033b000 	C:\WINDOWS\SYSTEM32\IPHLPAPI.DLL
0x00007ff8528d0000 - 0x00007ff8528d8000 	C:\WINDOWS\System32\NSI.dll
0x00007ff84b7f0000 - 0x00007ff84b807000 	C:\WINDOWS\SYSTEM32\dhcpcsvc6.DLL
0x00007ff84b6d0000 - 0x00007ff84b6ed000 	C:\WINDOWS\SYSTEM32\dhcpcsvc.DLL
0x00007ff850340000 - 0x00007ff85040c000 	C:\WINDOWS\SYSTEM32\DNSAPI.dll
0x00007ff84b3f0000 - 0x00007ff84b402000 	C:\Program Files\Eclipse Foundation\jdk-8.0.302.8-hotspot\jre\bin\nio.dll
0x0000000180000000 - 0x0000000180053000 	C:\Users\Chicos\AppData\Local\Temp\libgdxChicos\dc0f0009\lwjgl64.dll
0x00007ff81c760000 - 0x00007ff81c885000 	C:\WINDOWS\SYSTEM32\OPENGL32.dll
0x00007ff845920000 - 0x00007ff84594c000 	C:\WINDOWS\SYSTEM32\GLU32.dll
0x000001ea3ad50000 - 0x000001ea3adb4000 	C:\Users\Chicos\AppData\Local\Temp\libgdxChicos\dc0f0009\OpenAL64.dll
0x00007ff8534b0000 - 0x00007ff8535da000 	C:\WINDOWS\System32\ole32.dll
0x00007ff84ed10000 - 0x00007ff84ed22000 	C:\WINDOWS\SYSTEM32\kernel.appcore.dll
0x00007ff84e910000 - 0x00007ff84e9ae000 	C:\WINDOWS\system32\uxtheme.dll
0x00007ff8530a0000 - 0x00007ff853149000 	C:\WINDOWS\System32\clbcatq.dll
0x00007ff81c6c0000 - 0x00007ff81c75c000 	C:\WINDOWS\SYSTEM32\dsound.dll
0x00007ff850580000 - 0x00007ff8505cb000 	C:\WINDOWS\SYSTEM32\powrprof.dll
0x00007ff81a9f0000 - 0x00007ff81aa16000 	C:\WINDOWS\SYSTEM32\winmmbase.dll
0x00007ff850480000 - 0x00007ff850492000 	C:\WINDOWS\SYSTEM32\UMPDC.dll
0x00007ff847950000 - 0x00007ff8479d5000 	C:\WINDOWS\System32\MMDevApi.dll
0x00007ff850c70000 - 0x00007ff850ca4000 	C:\WINDOWS\System32\DEVOBJ.dll
0x00007ff851490000 - 0x00007ff8514de000 	C:\WINDOWS\System32\cfgmgr32.dll
0x00007ff822520000 - 0x00007ff8226a1000 	C:\WINDOWS\SYSTEM32\AUDIOSES.DLL
0x00007ff8535e0000 - 0x00007ff8536ad000 	C:\WINDOWS\System32\OLEAUT32.dll
0x00007ff848630000 - 0x00007ff848814000 	C:\WINDOWS\SYSTEM32\dbghelp.dll

VM Arguments:
jvm_args: -Duser.language=es_AR -Dfile.encoding=UTF-8 
java_command: org.uqbar.project.wollok.launch.WollokLauncher -requestsPort 0 -eventsPort 0 -folder -dontValidate -wf src/juego.wpgm
java_class_path (initial): C:\Users\Chicos\git\2021-wgame-grupo-1337\bin;C:\Users\Chicos\Desktop\UTN 2021\Paradigmas de Programacion\WOLLOK\plugins\com.ibm.icu_64.2.0.v20190507-1337.jar;C:\Users\Chicos\Desktop\UTN 2021\Paradigmas de Programacion\WOLLOK\plugins\org.eclipse.xtext_2.20.0.v20191202-0915.jar;C:\Users\Chicos\Desktop\UTN 2021\Paradigmas de Programacion\WOLLOK\plugins\org.eclipse.emf.ecore.xmi_2.16.0.v20190528-0725.jar;C:\Users\Chicos\Desktop\UTN 2021\Paradigmas de Programacion\WOLLOK\plugins\org.eclipse.emf.ecore_2.20.0.v20190920-0401.jar;C:\Users\Chicos\Desktop\UTN 2021\Paradigmas de Programacion\WOLLOK\plugins\org.eclipse.emf.common_2.17.0.v20190920-0401.jar;C:\Users\Chicos\Desktop\UTN 2021\Paradigmas de Programacion\WOLLOK\plugins\org.antlr.runtime_3.2.0.v201101311130.jar;C:\Users\Chicos\Desktop\UTN 2021\Paradigmas de Programacion\WOLLOK\plugins\com.google.inject_3.0.0.v201605172100.jar;C:\Users\Chicos\Desktop\UTN 2021\Paradigmas de Programacion\WOLLOK\plugins\org.eclipse.emf.mwe.core_1.5.1.v20191121-1148.jar;C:\Users\Chicos\Desktop\UTN 2021\Paradigmas de Programacion\WOLLOK\plugins\org.apache.commons.cli_1.2.0.v201404270220.jar;C:\Users\Chicos\Desktop\UTN 2021\Paradigmas de Programacion\WOLLOK\plugins\org.eclipse.emf.mwe2.runtime_2.11.1.v20191121-1148.jar;C:\Users\Chicos\Desktop\UTN 2021\Paradigmas de Programacion\WOLLOK\plugins\org.eclipse.emf.mwe.utils_1.5.1.v20191121-1148.jar;C:\Users\Chicos\Desktop\UTN 2021\Paradigmas de Programacion\WOLLOK\plugins\org.eclipse.xtext.util_2.20.0.v20191202-0915.jar;C:\Users\Chicos\Desktop\UTN 2021\Paradigmas de Programacion\WOLLOK\plugins\com.google.guava_27.1.0.v20190517-1946.jar;C:\Users\Chicos\Desktop\UTN 2021\Paradigmas de Programacion\WOLLOK\plugins\javax.inject_1.0.0.v20091030.jar;C:\Users\Chicos\Desktop\UTN 2021\Paradigmas de Programacion\WOLLOK\plugins\org.eclipse.xtext.generator_2.20.0.v20191202-0933.jar;C:\Users\Chicos\Desktop\UTN 2021\Paradigmas de Programacion\WOLLOK\plugins\org.eclipse.xtext.xtext.gene
Launcher Type: SUN_STANDARD

Environment Variables:
PATH=C:/Program Files/Eclipse Foundation/jdk-8.0.302.8-hotspot/bin/../jre/bin/server;C:/Program Files/Eclipse Foundation/jdk-8.0.302.8-hotspot/bin/../jre/bin;C:/Program Files/Eclipse Foundation/jdk-8.0.302.8-hotspot/bin/../jre/lib/amd64;C:\Program Files\Eclipse Foundation\jdk-8.0.302.8-hotspot\bin;C:\MinGW\bin;C:\MinGW\libexec\gcc\x86_64-w64-mingw32\10.2.0;C:\Program Files (x86)\Common Files\Oracle\Java\javapath;C:\Windows\system32;C:\Windows;C:\Windows\System32\Wbem;C:\Windows\System32\WindowsPowerShell\v1.0\;C:\Windows\System32\OpenSSH\;C:\Program Files (x86)\NVIDIA Corporation\PhysX\Common;C:\WINDOWS\system32;C:\WINDOWS;C:\WINDOWS\System32\Wbem;C:\WINDOWS\System32\WindowsPowerShell\v1.0\;C:\WINDOWS\System32\OpenSSH\;C:\Program Files\Git\cmd;C:\Program Files\swipl\bin;C:\Program Files\dotnet\;C:\Users\Chicos\AppData\Roaming\local\bin;C:\Users\Chicos\AppData\Local\Microsoft\WindowsApps;;C:\Users\Chicos\AppData\Local\Programs\Microsoft VS Code\bin;C:\Users\Chicos\Desktop\UTN 2021\Paradigmas de Programacion\WOLLOK;
USERNAME=Chicos
OS=Windows_NT
PROCESSOR_IDENTIFIER=AMD64 Family 23 Model 1 Stepping 1, AuthenticAMD



---------------  S Y S T E M  ---------------

OS: Windows 10.0 , 64 bit Build 19041 (10.0.19041.1202)

CPU:total 4 (initial active 4) (4 cores per cpu, 1 threads per core) family 23 model 1 stepping 1, cmov, cx8, fxsr, mmx, sse, sse2, sse3, ssse3, sse4.1, sse4.2, popcnt, avx, avx2, aes, clmul, mmxext, 3dnowpref, lzcnt, sse4a, tsc, tscinvbit, tscinv, bmi1

Memory: 4k page, physical 8340688k(3543316k free), swap 16729296k(8411684k free)

vm_info: OpenJDK 64-Bit Server VM (25.302-b08) for windows-amd64 JRE (1.8.0_302-b08), built on Jul 20 2021 21:31:03 by "jenkins" with MS VC++ 12.0 (VS2013)

time: Thu Oct 21 01:32:37 2021
timezone: Hora estándar de Argentina
elapsed time: 3.207085 seconds (0d 0h 0m 3s)

